<?xml version="1.0" encoding="UTF-8"?>
<!-- Generated by org.testng.reporters.JUnitReportReporter -->
<testsuite skipped="0" hostname="DESKTOP-B4MP7UT" name="com.DragAndDrop.JueryDragNDrop" tests="1" failures="0" timestamp="16 Feb 2020 12:30:03 GMT" time="0.587" errors="0">
  <testcase name="DragNDrop" time="0.587" classname="com.DragAndDrop.JueryDragNDrop"/>
</testsuite> <!-- com.DragAndDrop.JueryDragNDrop -->
